{
  "comments": [
    {
      "key": {
        "uuid": "e23332a8_a1ef3de1",
        "filename": "ext4_utils/wipe.c",
        "patchSetId": 6
      },
      "lineNbr": 61,
      "author": {
        "id": 1105075
      },
      "writtenOn": "2019-02-12T18:36:44Z",
      "side": 1,
      "message": "see previous comments\n\nI think this is aloo called by recovery https://cs.corp.google.com/android/bootable/recovery/roots.cpp?rcl\u003d96a0f6e570f7917a7d2eb9e3d83923b6ac8b004d\u0026l\u003d166\n\nso adding a TEMP_FAILURE_RETRY retry?",
      "range": {
        "startLine": 61,
        "startChar": 3,
        "endLine": 61,
        "endChar": 15
      },
      "revId": "4846fde475ce5a364a49b459ca5105ab4d09bf55",
      "serverId": "85c56323-6fa9-3386-8a01-6480fb634889",
      "unresolved": true
    },
    {
      "key": {
        "uuid": "f95dd40d_cb7ad6c2",
        "filename": "ext4_utils/wipe.c",
        "patchSetId": 6
      },
      "lineNbr": 61,
      "author": {
        "id": 1176763
      },
      "writtenOn": "2019-02-12T19:00:25Z",
      "side": 1,
      "message": "Many external tools use this, so do you know which header we need to add?",
      "parentUuid": "e23332a8_a1ef3de1",
      "range": {
        "startLine": 61,
        "startChar": 3,
        "endLine": 61,
        "endChar": 15
      },
      "revId": "4846fde475ce5a364a49b459ca5105ab4d09bf55",
      "serverId": "85c56323-6fa9-3386-8a01-6480fb634889",
      "unresolved": true
    },
    {
      "key": {
        "uuid": "085f8202_e84987e8",
        "filename": "ext4_utils/wipe.c",
        "patchSetId": 6
      },
      "lineNbr": 61,
      "author": {
        "id": 1105075
      },
      "writtenOn": "2019-02-12T19:09:13Z",
      "side": 1,
      "message": "see https://cs.corp.google.com/android/system/core/base/file.cpp",
      "parentUuid": "f95dd40d_cb7ad6c2",
      "range": {
        "startLine": 61,
        "startChar": 3,
        "endLine": 61,
        "endChar": 15
      },
      "revId": "4846fde475ce5a364a49b459ca5105ab4d09bf55",
      "serverId": "85c56323-6fa9-3386-8a01-6480fb634889",
      "unresolved": true
    },
    {
      "key": {
        "uuid": "c2c8395d_e8756bd3",
        "filename": "ext4_utils/wipe.c",
        "patchSetId": 6
      },
      "lineNbr": 61,
      "author": {
        "id": 1176763
      },
      "writtenOn": "2019-02-12T19:11:24Z",
      "side": 1,
      "message": "Tried but\nexternal/libcxx/include/__nullptr:55:1: error: unknown type name \u0027namespace\u0027\nnamespace std\n^\nexternal/libcxx/include/__nullptr:55:14: error: expected \u0027;\u0027 after top level declarator\nnamespace std\n             ^\nIn file included from system/extras/ext4_utils/wipe.c:17:\nIn file included from system/core/base/include/android-base/macros.h:22:\nIn file included from external/libcxx/include/utility:200:\nIn file included from external/libcxx/include/__tuple:15:\nexternal/libcxx/include/cstddef:51:7: error: expected \u0027;\u0027 after top level declarator\nusing ::size_t;\n      ^\nexternal/libcxx/include/cstddef:51:8: error: expected identifier or \u0027(\u0027\nusing ::size_t;\n       ^\nexternal/libcxx/include/cstddef:61:1: error: unknown type name \u0027_LIBCPP_END_NAMESPACE_STD\u0027\n_LIBCPP_END_NAMESPACE_STD\n^\nIn file included from system/extras/ext4_utils/wipe.c:17:\nIn file included from system/core/base/include/android-base/macros.h:22:\nIn file included from external/libcxx/include/utility:200:\nIn file included from external/libcxx/include/__tuple:16:\nexternal/libcxx/include/type_traits:413:28: error: expected \u0027;\u0027 after top level declarator\n_LIBCPP_BEGIN_NAMESPACE_STD\n                           ^\nexternal/libcxx/include/type_traits:416:1: error: unknown type name \u0027template\u0027\ntemplate \u003cclass _Tp\u003e class _LIBCPP_TEMPLATE_VIS reference_wrapper;\n^\nexternal/libcxx/include/type_traits:416:10: error: expected identifier or \u0027(\u0027\ntemplate \u003cclass _Tp\u003e class _LIBCPP_TEMPLATE_VIS reference_wrapper;\n         ^\nexternal/libcxx/include/type_traits:417:1: error: unknown type name \u0027template\u0027\ntemplate \u003cclass _Tp\u003e struct _LIBCPP_TEMPLATE_VIS hash;\n^\nexternal/libcxx/include/type_traits:417:10: error: expected identifier or \u0027(\u0027\ntemplate \u003cclass _Tp\u003e struct _LIBCPP_TEMPLATE_VIS hash;\n         ^\nexternal/libcxx/include/type_traits:419:1: error: unknown type name \u0027template\u0027\ntemplate \u003cclass\u003e\n^\nexternal/libcxx/include/type_traits:419:10: error: expected identifier or \u0027(\u0027\ntemplate \u003cclass\u003e\n         ^\nexternal/libcxx/include/type_traits:422:1: error: unknown type name \u0027template\u0027\ntemplate \u003cclass _Tp\u003e\n^\nexternal/libcxx/include/type_traits:422:10: error: expected identifier or \u0027(\u0027\ntemplate \u003cclass _Tp\u003e\n         ^\nexternal/libcxx/include/type_traits:425:1: error: unknown type name \u0027template\u0027\ntemplate \u003cclass _Tp, bool\u003e\n^\nexternal/libcxx/include/type_traits:425:10: error: expected identifier or \u0027(\u0027\ntemplate \u003cclass _Tp, bool\u003e\n         ^\nexternal/libcxx/include/type_traits:428:1: error: unknown type name \u0027template\u0027\ntemplate \u003cbool _Bp, class _If, class _Then\u003e\n^\nexternal/libcxx/include/type_traits:428:10: error: expected identifier or \u0027(\u0027\ntemplate \u003cbool _Bp, class _If, class _Then\u003e\n         ^\nexternal/libcxx/include/type_traits:430:1: error: unknown type name \u0027template\u0027\ntemplate \u003cclass _If, class _Then\u003e\n^\nfatal error: too many errors emitted, stopping now [-ferror-limit\u003d]\n20 errors generated.\n[  0% 3/1136] //system/extras/ext4_utils:libext4_utils clang wipe.c [linux_glibc]\nFAILED: out/soong/.intermediates/system/extras/ext4_utils/libext4_utils/linux_glibc_x86_64_static/obj/system/extras/ext4_utils/wipe.o\nPWD\u003d/proc/self/cwd prebuilts/clang/host/linux-x86/clang-r349610/bin/clang -c -Isystem/extras/ext4_utils/include -Isystem/extras/ext4_utils  -Wa,--noexecstack -fPIC -U_FORTIFY_SOURCE -D_FORTIFY_SOURCE\u003d2 -fstack-protector -D__STDC_FORMAT_MACROS -D__STDC_CONSTANT_MACROS --gcc-toolchain\u003dprebuilts/gcc/linux-x86/host/x86_64-linux-glibc2.17-4.8 --sysroot prebuilts/gcc/linux-x86/host/x86_64-linux-glibc2.17-4.8/sysroot -fstack-protector-strong -m64 -DANDROID -fmessage-length\u003d0 -W -Wall -Wno-unused -Winit-self -Wpointer-arith -no-canonical-prefixes -DNDEBUG -UDEBUG -fno-exceptions -Wno-multichar -O2 -g -fno-strict-aliasing -fdebug-prefix-map\u003d/proc/self/cwd\u003d -D__compiler_offsetof\u003d__builtin_offsetof -Wimplicit-fallthrough -Werror\u003dint-conversion -Wno-reserved-id-macro -Wno-format-pedantic -Wno-unused-command-line-argument -fcolor-diagnostics -Wno-zero-as-null-pointer-constant -Wno-sign-compare -Wno-defaulted-function-deleted   -Iexternal/selinux/libselinux/include -Iexternal/pcre/include -Isystem/core/libsparse/include -Iexternal/libcxx/include -Iexternal/libcxxabi/include -Iexternal/zlib -Isystem/core/include -Isystem/media/audio/include -Ihardware/libhardware/include -Ihardware/libhardware_legacy/include -Ihardware/ril/include -Iframeworks/native/include -Iframeworks/native/opengl/include -Iframeworks/av/include  -Ilibnativehelper/include_jni -Werror -fno-strict-aliasing -target x86_64-linux-gnu -Bprebuilts/gcc/linux-x86/host/x86_64-linux-glibc2.17-4.8/x86_64-linux/bin -DANDROID_STRICT -fPIC -D_USING_LIBCXX -std\u003dgnu99  -Werror\u003dint-to-pointer-cast -Werror\u003dpointer-to-int-cast -Werror\u003daddress-of-temporary -Werror\u003dreturn-type -Wno-tautological-constant-compare -Wno-tautological-type-limit-compare -Wno-tautological-unsigned-enum-zero-compare -Wno-tautological-unsigned-zero-compare -Wno-c++98-compat-extra-semi -Wno-return-std-move-in-c++11 -MD -MF out/soong/.intermediates/system/extras/ext4_utils/libext4_utils/linux_glibc_x86_64_static/obj/system/extras/ext4_utils/wipe.o.d -o out/soong/.intermediates/system/extras/ext4_utils/libext4_utils/linux_glibc_x86_64_static/obj/system/extras/ext4_utils/wipe.o system/extras/ext4_utils/wipe.c\nsystem/extras/ext4_utils/wipe.c:17:10: fatal error: \u0027android-base/macros.h\u0027 file not found\n#include \"android-base/macros.h\"\n         ^~~~~~~~~~~~~~~~~~~~~~~\n1 error generated.\n10:54:57 ninja failed with: exit status 1\n\n#### failed to build some targets (46 seconds) ####",
      "parentUuid": "085f8202_e84987e8",
      "range": {
        "startLine": 61,
        "startChar": 3,
        "endLine": 61,
        "endChar": 15
      },
      "revId": "4846fde475ce5a364a49b459ca5105ab4d09bf55",
      "serverId": "85c56323-6fa9-3386-8a01-6480fb634889",
      "unresolved": true
    }
  ]
}